2025-04-21 17:08:43 [INF] User profile is available. Using 'C:\Users\Lenovo\AppData\Local\ASP.NET\DataProtection-Keys' as key repository and Windows DPAPI to encrypt keys at rest.
2025-04-21 17:08:43 [INF] Now listening on: https://localhost:7030
2025-04-21 17:08:43 [INF] Now listening on: http://localhost:5101
2025-04-21 17:08:44 [INF] Application started. Press Ctrl+C to shut down.
2025-04-21 17:08:44 [INF] Hosting environment: Development
2025-04-21 17:08:44 [INF] Content root path: C:\Users\Lenovo\source\repos\Road Infrastructure Asset Management 2\RoadInfrastructureAssetManagementApi2
2025-04-21 17:08:44 [INF] Request starting HTTP/2 GET https://localhost:7030/swagger/index.html - null null
2025-04-21 17:08:44 [INF] Request finished HTTP/2 GET https://localhost:7030/swagger/index.html - 200 null text/html;charset=utf-8 272.9388ms
2025-04-21 17:08:44 [INF] Request starting HTTP/2 GET https://localhost:7030/_framework/aspnetcore-browser-refresh.js - null null
2025-04-21 17:08:44 [INF] Request finished HTTP/2 GET https://localhost:7030/_framework/aspnetcore-browser-refresh.js - 200 13810 application/javascript; charset=utf-8 12.0598ms
2025-04-21 17:08:44 [INF] Request starting HTTP/2 GET https://localhost:7030/_vs/browserLink - null null
2025-04-21 17:08:44 [INF] Request finished HTTP/2 GET https://localhost:7030/_vs/browserLink - 200 null text/javascript; charset=UTF-8 49.5683ms
2025-04-21 17:08:44 [INF] Request starting HTTP/2 GET https://localhost:7030/swagger/v1/swagger.json - null null
2025-04-21 17:08:44 [INF] Request finished HTTP/2 GET https://localhost:7030/swagger/v1/swagger.json - 200 null application/json;charset=utf-8 128.6657ms
2025-04-21 17:08:54 [INF] Request starting HTTP/2 GET https://localhost:7030/api/Tasks - null null
2025-04-21 17:08:54 [INF] Executing endpoint 'Road_Infrastructure_Asset_Management_2.Controllers.TasksController.GetAllTasks (Road Infrastructure Asset Management2)'
2025-04-21 17:08:54 [INF] Route matched with {action = "GetAllTasks", controller = "Tasks"}. Executing controller action with signature System.Threading.Tasks.Task`1[Microsoft.AspNetCore.Mvc.ActionResult] GetAllTasks() on controller Road_Infrastructure_Asset_Management_2.Controllers.TasksController (Road Infrastructure Asset Management2).
2025-04-21 17:08:54 [INF] Received request to get all tasks
2025-04-21 17:08:55 [INF] Retrieved 2 tasks successfully
2025-04-21 17:08:55 [INF] Returned 2 tasks
2025-04-21 17:08:55 [INF] Executing OkObjectResult, writing value of type 'System.Collections.Generic.List`1[[Road_Infrastructure_Asset_Management_2.Model.Response.TasksResponse, Road Infrastructure Asset Management2, Version=1.0.0.0, Culture=neutral, PublicKeyToken=null]]'.
2025-04-21 17:08:55 [INF] Executed action Road_Infrastructure_Asset_Management_2.Controllers.TasksController.GetAllTasks (Road Infrastructure Asset Management2) in 358.9426ms
2025-04-21 17:08:55 [INF] Executed endpoint 'Road_Infrastructure_Asset_Management_2.Controllers.TasksController.GetAllTasks (Road Infrastructure Asset Management2)'
2025-04-21 17:08:55 [INF] Request finished HTTP/2 GET https://localhost:7030/api/Tasks - 200 929 application/json; charset=utf-8 472.2098ms
2025-04-21 17:36:45 [INF] User profile is available. Using 'C:\Users\Lenovo\AppData\Local\ASP.NET\DataProtection-Keys' as key repository and Windows DPAPI to encrypt keys at rest.
2025-04-21 17:36:46 [INF] Now listening on: https://localhost:7030
2025-04-21 17:36:46 [INF] Now listening on: http://localhost:5101
2025-04-21 17:36:46 [INF] Application started. Press Ctrl+C to shut down.
2025-04-21 17:36:46 [INF] Hosting environment: Development
2025-04-21 17:36:46 [INF] Content root path: C:\Users\Lenovo\source\repos\Road Infrastructure Asset Management 2\RoadInfrastructureAssetManagementApi2
2025-04-21 17:36:46 [INF] Request starting HTTP/2 GET https://localhost:7030/swagger/index.html - null null
2025-04-21 17:36:47 [INF] Request finished HTTP/2 GET https://localhost:7030/swagger/index.html - 200 null text/html;charset=utf-8 199.128ms
2025-04-21 17:36:47 [INF] Request starting HTTP/2 GET https://localhost:7030/_framework/aspnetcore-browser-refresh.js - null null
2025-04-21 17:36:47 [INF] Request finished HTTP/2 GET https://localhost:7030/_framework/aspnetcore-browser-refresh.js - 200 13810 application/javascript; charset=utf-8 8.8812ms
2025-04-21 17:36:47 [INF] Request starting HTTP/2 GET https://localhost:7030/_vs/browserLink - null null
2025-04-21 17:36:47 [INF] Request finished HTTP/2 GET https://localhost:7030/_vs/browserLink - 200 null text/javascript; charset=UTF-8 45.8272ms
2025-04-21 17:36:47 [INF] Request starting HTTP/2 GET https://localhost:7030/swagger/v1/swagger.json - null null
2025-04-21 17:36:47 [INF] Request finished HTTP/2 GET https://localhost:7030/swagger/v1/swagger.json - 200 null application/json;charset=utf-8 119.7888ms
